Virtual User Script started at: 5/3/2021 10:49:41 PM
Starting action vuser_init.
Web Turbo Replay of LoadRunner 2021.1.0 for Windows 2019; build 460 (Apr 22 2021 19:27:24)  	[MsgId: MMSG-26983]
Run mode: HTML  	[MsgId: MMSG-26993]
Replay user agent: Mozilla/5.0 (Windows NT 10.0; Win64; x64) AppleWebKit/537.36 (KHTML, like Gecko) Chrome/90.0.4430.93 Safari/537.36  	[MsgId: MMSG-26988]
Runtime Settings file: "C:\Users\demo\Documents\VuGen\Scripts\Search_Web\\default.cfg"  	[MsgId: MMSG-27141]
Ending action vuser_init.
Running Vuser...
Starting iteration 1.
Maximum number of concurrent connections per server: 6  	[MsgId: MMSG-26989]
Starting action Action.
Action.c(16): web_add_cookie started  	[MsgId: MMSG-26355]
Action.c(16): web_add_cookie was successful  	[MsgId: MMSG-26392]
Action.c(18): web_add_header("Upgrade-Insecure-Requests") started  	[MsgId: MMSG-26355]
Action.c(18): web_add_header("Upgrade-Insecure-Requests") was successful  	[MsgId: MMSG-26392]
Action.c(21): Notify: Transaction "AOS_Home" started.
Action.c(23): web_url("nimbusserver.aos.com:8000") started  	[MsgId: MMSG-26355]
Action.c(23): Found resource "http://nimbusserver.aos.com:8000/css/main.min.css" in HTML "http://nimbusserver.aos.com:8000/"  	[MsgId: MMSG-26659]
Action.c(23): Found resource "http://nimbusserver.aos.com:8000/css/images/Down_arrow.svg" in HTML "http://nimbusserver.aos.com:8000/"  	[MsgId: MMSG-26659]
Action.c(23): Found resource "http://nimbusserver.aos.com:8000/vendor/requirejs/require.js" in HTML "http://nimbusserver.aos.com:8000/"  	[MsgId: MMSG-26659]
Action.c(23): Downloading resource "http://nimbusserver.aos.com:8000/main.min.js" (specified by argument number 9)  	[MsgId: MMSG-26577]
Action.c(23): Downloading resource "http://nimbusserver.aos.com:8000/services.properties" (specified by argument number 11)  	[MsgId: MMSG-26577]
Action.c(23): Downloading resource "http://nimbusserver.aos.com:8000/css/images/closeDark.png" (specified by argument number 13)  	[MsgId: MMSG-26577]
Action.c(23): Downloading resource "http://nimbusserver.aos.com:8000/css/images/logo.png" (specified by argument number 15)  	[MsgId: MMSG-26577]
Action.c(23): Downloading resource "http://nimbusserver.aos.com:8000/css/fonts/roboto_regular_macroman/Roboto-Regular-webfont.woff" (specified by argument number 17)  	[MsgId: MMSG-26577]
Action.c(23): Downloading resource "http://nimbusserver.aos.com:8000/css/fonts/roboto_medium_macroman/Roboto-Medium-webfont.woff" (specified by argument number 20)  	[MsgId: MMSG-26577]
Action.c(23): Downloading resource "http://nimbusserver.aos.com:8000/css/fonts/roboto_light_macroman/Roboto-Light-webfont.woff" (specified by argument number 23)  	[MsgId: MMSG-26577]
Action.c(23): Downloading resource "http://nimbusserver.aos.com:8000/css/images/arrow_right.png" (specified by argument number 26)  	[MsgId: MMSG-26577]
Action.c(23): Downloading resource "http://nimbusserver.aos.com:8000/catalog/fetchImage?image_id=headphones" (specified by argument number 29)  	[MsgId: MMSG-26577]
Action.c(23): Downloading resource "http://nimbusserver.aos.com:8000/catalog/fetchImage?image_id=laptops" (specified by argument number 31)  	[MsgId: MMSG-26577]
Action.c(23): Downloading resource "http://nimbusserver.aos.com:8000/catalog/fetchImage?image_id=mice" (specified by argument number 33)  	[MsgId: MMSG-26577]
Action.c(23): Downloading resource "http://nimbusserver.aos.com:8000/catalog/fetchImage?image_id=tablets" (specified by argument number 35)  	[MsgId: MMSG-26577]
Action.c(23): Downloading resource "http://nimbusserver.aos.com:8000/catalog/fetchImage?image_id=speakers" (specified by argument number 37)  	[MsgId: MMSG-26577]
Action.c(23): Downloading resource "http://nimbusserver.aos.com:8000/css/fonts/roboto_bold_macroman/Roboto-Bold-webfont.woff" (specified by argument number 39)  	[MsgId: MMSG-26577]
Action.c(23): Downloading resource "http://nimbusserver.aos.com:8000/css/fonts/roboto_thin_macroman/Roboto-Thin-webfont.woff" (specified by argument number 42)  	[MsgId: MMSG-26577]
Action.c(23): Downloading resource "http://nimbusserver.aos.com:8000/css/images/Special-offer.jpg" (specified by argument number 45)  	[MsgId: MMSG-26577]
Action.c(23): Downloading resource "http://nimbusserver.aos.com:8000/css/images/GoUp.png" (specified by argument number 47)  	[MsgId: MMSG-26577]
Action.c(23): Downloading resource "http://nimbusserver.aos.com:8000/css/images/twitter.png" (specified by argument number 49)  	[MsgId: MMSG-26577]
Action.c(23): Downloading resource "http://nimbusserver.aos.com:8000/css/images/facebook.png" (specified by argument number 51)  	[MsgId: MMSG-26577]
Action.c(23): Downloading resource "http://nimbusserver.aos.com:8000/css/images/linkedin.png" (specified by argument number 53)  	[MsgId: MMSG-26577]
Action.c(23): Downloading resource "http://nimbusserver.aos.com:8000/css/images/Banner1.jpg" (specified by argument number 55)  	[MsgId: MMSG-26577]
Action.c(23): Downloading resource "http://nimbusserver.aos.com:8000/css/images/Banner2.jpg" (specified by argument number 57)  	[MsgId: MMSG-26577]
Action.c(23): Downloading resource "http://nimbusserver.aos.com:8000/css/images/Banner3.jpg" (specified by argument number 59)  	[MsgId: MMSG-26577]
Action.c(23): Downloading resource "http://nimbusserver.aos.com:8000/css/images/Popular-item3.jpg" (specified by argument number 61)  	[MsgId: MMSG-26577]
Action.c(23): Downloading resource "http://nimbusserver.aos.com:8000/css/images/Popular-item2.jpg" (specified by argument number 63)  	[MsgId: MMSG-26577]
Action.c(23): Downloading resource "http://nimbusserver.aos.com:8000/css/images/Popular-item1.jpg" (specified by argument number 65)  	[MsgId: MMSG-26577]
Action.c(23): Downloading resource "http://nimbusserver.aos.com:8000/catalog/fetchImage?image_id=1400" (specified by argument number 67)  	[MsgId: MMSG-26577]
Action.c(23): Downloading resource "http://nimbusserver.aos.com:8000/catalog/fetchImage?image_id=3300" (specified by argument number 69)  	[MsgId: MMSG-26577]
Action.c(23): Downloading resource "http://nimbusserver.aos.com:8000/catalog/fetchImage?image_id=4100" (specified by argument number 71)  	[MsgId: MMSG-26577]
Action.c(23): Downloading resource "http://nimbusserver.aos.com:8000/catalog/fetchImage?image_id=2100" (specified by argument number 73)  	[MsgId: MMSG-26577]
Action.c(23): Downloading resource "http://nimbusserver.aos.com:8000/catalog/fetchImage?image_id=1245" (specified by argument number 75)  	[MsgId: MMSG-26577]
Action.c(23): Downloading resource "http://nimbusserver.aos.com:8000/catalog/fetchImage?image_id=5100" (specified by argument number 77)  	[MsgId: MMSG-26577]
Action.c(23): Downloading resource "http://nimbusserver.aos.com:8000/catalog/fetchImage?image_id=1249" (specified by argument number 79)  	[MsgId: MMSG-26577]
Action.c(23): Downloading resource "http://nimbusserver.aos.com:8000/catalog/fetchImage?image_id=2300" (specified by argument number 81)  	[MsgId: MMSG-26577]
Action.c(23): Downloading resource "http://nimbusserver.aos.com:8000/catalog/fetchImage?image_id=5700" (specified by argument number 83)  	[MsgId: MMSG-26577]
Action.c(23): Downloading resource "http://nimbusserver.aos.com:8000/catalog/fetchImage?image_id=4600" (specified by argument number 85)  	[MsgId: MMSG-26577]
Action.c(23): Downloading resource "http://nimbusserver.aos.com:8000/catalog/fetchImage?image_id=1250" (specified by argument number 87)  	[MsgId: MMSG-26577]
Action.c(23): Downloading resource "http://nimbusserver.aos.com:8000/catalog/fetchImage?image_id=4300" (specified by argument number 89)  	[MsgId: MMSG-26577]
Action.c(23): Downloading resource "http://nimbusserver.aos.com:8000/catalog/fetchImage?image_id=4400" (specified by argument number 91)  	[MsgId: MMSG-26577]
Action.c(23): Downloading resource "http://nimbusserver.aos.com:8000/css/images/Filter.png" (specified by argument number 93)  	[MsgId: MMSG-26577]
Action.c(23): Downloading resource "http://nimbusserver.aos.com:8000/catalog/fetchImage?image_id=4200" (specified by argument number 95)  	[MsgId: MMSG-26577]
Action.c(23): Downloading resource "http://nimbusserver.aos.com:8000/catalog/fetchImage?image_id=4700" (specified by argument number 97)  	[MsgId: MMSG-26577]
Action.c(23): Downloading resource "http://nimbusserver.aos.com:8000/css/images/Check.png" (specified by argument number 99)  	[MsgId: MMSG-26577]
Action.c(23): web_url("nimbusserver.aos.com:8000") was successful, 2394677 body bytes, 15400 header bytes, 2771 chunking overhead bytes  	[MsgId: MMSG-26385]
Action.c(76): web_set_sockets_option started  	[MsgId: MMSG-26355]
Action.c(76): web_set_sockets_option was successful  	[MsgId: MMSG-26392]
Action.c(78): web_add_auto_header("Origin") started  	[MsgId: MMSG-26355]
Action.c(78): web_add_auto_header("Origin") was successful  	[MsgId: MMSG-26392]
Action.c(81): web_url("ALL") started  	[MsgId: MMSG-26355]
Action.c(81): web_url("ALL") was successful, 6458 body bytes, 461 header bytes, 106 chunking overhead bytes  	[MsgId: MMSG-26385]
Action.c(90): web_add_header("Access-Control-Request-Headers") started  	[MsgId: MMSG-26355]
Action.c(90): web_add_header("Access-Control-Request-Headers") was successful  	[MsgId: MMSG-26392]
Action.c(93): web_add_header("Access-Control-Request-Method") started  	[MsgId: MMSG-26355]
Action.c(93): web_add_header("Access-Control-Request-Method") was successful  	[MsgId: MMSG-26392]
Action.c(96): web_add_header("Sec-Fetch-Mode") started  	[MsgId: MMSG-26355]
Action.c(96): web_add_header("Sec-Fetch-Mode") was successful  	[MsgId: MMSG-26392]
Action.c(99): lr_think_time: 7.45 seconds (recorded think time was 8.00 seconds).
Action.c(101): web_custom_request("GetAccountConfigurationRequest") started  	[MsgId: MMSG-26355]
Action.c(101): web_custom_request("GetAccountConfigurationRequest") was successful, 2 body bytes, 500 header bytes, 10 chunking overhead bytes  	[MsgId: MMSG-26385]
Action.c(110): web_add_header("SOAPAction") started  	[MsgId: MMSG-26355]
Action.c(110): web_add_header("SOAPAction") was successful  	[MsgId: MMSG-26392]
Action.c(113): web_custom_request("GetAccountConfigurationRequest_2") started  	[MsgId: MMSG-26355]
Action.c(113): web_custom_request("GetAccountConfigurationRequest_2") was successful, 823 body bytes, 619 header bytes  	[MsgId: MMSG-26386]
Action.c(125): web_url("categories") started  	[MsgId: MMSG-26355]
Action.c(125): web_url("categories") was successful, 4467 body bytes, 461 header bytes, 78 chunking overhead bytes  	[MsgId: MMSG-26385]
Action.c(134): web_url("search") started  	[MsgId: MMSG-26355]
Action.c(134): web_url("search") was successful, 351 body bytes, 461 header bytes, 22 chunking overhead bytes  	[MsgId: MMSG-26385]
Action.c(143): web_add_cookie started  	[MsgId: MMSG-26355]
Action.c(143): web_add_cookie was successful  	[MsgId: MMSG-26392]
Action.c(145): web_add_cookie started  	[MsgId: MMSG-26355]
Action.c(145): web_add_cookie was successful  	[MsgId: MMSG-26392]
Action.c(147): web_add_cookie started  	[MsgId: MMSG-26355]
Action.c(147): web_add_cookie was successful  	[MsgId: MMSG-26392]
Action.c(149): web_remove_auto_header("Origin") started  	[MsgId: MMSG-26355]
Action.c(149): Previous automatically added web header for "Origin" removed  	[MsgId: MMSG-26587]
Action.c(149): web_remove/revert_auto_header("Origin") was successful  	[MsgId: MMSG-26392]
Action.c(151): web_url("popularProducts.json") started  	[MsgId: MMSG-26355]
Action.c(151): web_url("popularProducts.json") was successful, 500 body bytes, 373 header bytes, 12 chunking overhead bytes  	[MsgId: MMSG-26385]
Action.c(160): web_url("home-page.html") started  	[MsgId: MMSG-26355]
Action.c(160): Found resource "http://nimbusserver.aos.com:8000/app/views/css/images/Special-offer.jpg" in HTML "http://nimbusserver.aos.com:8000/app/views/home-page.html"  	[MsgId: MMSG-26659]
Action.c(160): Found resource "http://nimbusserver.aos.com:8000/css/images/chat_logo.png" in HTML "http://nimbusserver.aos.com:8000/app/views/home-page.html"  	[MsgId: MMSG-26659]
Action.c(160): Warning -26627: HTTP Status-Code=404 (Not Found) for "http://nimbusserver.aos.com:8000/app/views/css/images/Special-offer.jpg"  	[MsgId: MWAR-26627]
Action.c(160): web_url("home-page.html") highest severity level was "warning", 5998 body bytes, 948 header bytes, 36 chunking overhead bytes  	[MsgId: MMSG-26387]
Action.c(169): Notify: Transaction "AOS_Home" ended with a "Pass" status (Duration: 7.9741 Think Time: 7.4448 Wasted Time: 0.2083).
Action.c(171): Notify: Transaction "AOS_Search" started.
Action.c(173): web_add_auto_header("Origin") started  	[MsgId: MMSG-26355]
Action.c(173): web_add_auto_header("Origin") was successful  	[MsgId: MMSG-26392]
Action.c(176): lr_think_time: 9.00 seconds (recorded think time was 8.00 seconds).
Action.c(178): web_url("search_2") started  	[MsgId: MMSG-26355]
Action.c(178): web_url("search_2") was successful, 801 body bytes, 461 header bytes, 29 chunking overhead bytes  	[MsgId: MMSG-26385]
Action.c(187): web_url("search_3") started  	[MsgId: MMSG-26355]
Action.c(187): web_url("search_3") was successful, 801 body bytes, 461 header bytes, 29 chunking overhead bytes  	[MsgId: MMSG-26385]
Action.c(196): web_url("all_data") started  	[MsgId: MMSG-26355]
Action.c(196): web_url("all_data") was successful, 8519 body bytes, 461 header bytes, 134 chunking overhead bytes  	[MsgId: MMSG-26385]
Action.c(205): lr_think_time: 9.70 seconds (recorded think time was 8.00 seconds).
Action.c(207): web_url("all_data_2") started  	[MsgId: MMSG-26355]
Action.c(207): web_url("all_data_2") was successful, 8533 body bytes, 461 header bytes, 134 chunking overhead bytes  	[MsgId: MMSG-26385]
Action.c(216): web_remove_auto_header("Origin") started  	[MsgId: MMSG-26355]
Action.c(216): Previous automatically added web header for "Origin" removed  	[MsgId: MMSG-26587]
Action.c(216): web_remove/revert_auto_header("Origin") was successful  	[MsgId: MMSG-26392]
Action.c(218): web_url("search-page.html") started  	[MsgId: MMSG-26355]
Action.c(218): web_url("search-page.html") was successful, 1778 body bytes, 319 header bytes, 12 chunking overhead bytes  	[MsgId: MMSG-26385]
Action.c(227): web_url("product-page.html") started  	[MsgId: MMSG-26355]
Action.c(227): Found resource "http://nimbusserver.aos.com:8000/css/images/review_right.png" in HTML "http://nimbusserver.aos.com:8000/app/views/product-page.html"  	[MsgId: MMSG-26659]
Action.c(227): Found resource "http://nimbusserver.aos.com:8000/css/images/reviewUser.png" in HTML "http://nimbusserver.aos.com:8000/app/views/product-page.html"  	[MsgId: MMSG-26659]
Action.c(227): Found resource "http://nimbusserver.aos.com:8000/css/images/review_Left_disabled.png" in HTML "http://nimbusserver.aos.com:8000/app/views/product-page.html"  	[MsgId: MMSG-26659]
Action.c(227): web_url("product-page.html") was successful, 6064 body bytes, 1338 header bytes, 48 chunking overhead bytes  	[MsgId: MMSG-26385]
Action.c(236): Notify: Transaction "AOS_Search" ended with a "Pass" status (Duration: 19.2499 Think Time: 18.7032 Wasted Time: 0.0270).
Ending action Action.
Ending iteration 1.
Ending Vuser...
Starting action vuser_end.
Ending action vuser_end.
Vuser Terminated.
